-------------------------------------------------------------------------------
Test set: org.Carlos.Alexis.Martinez.Rodriguez.EmpleosApplicationTests
-------------------------------------------------------------------------------
Tests run: 1, Failures: 0, Errors: 1, Skipped: 0, Time elapsed: 0.436 s <<< FAILURE! - in org.Carlos.Alexis.Martinez.Rodriguez.EmpleosApplicationTests
org.Carlos.Alexis.Martinez.Rodriguez.EmpleosApplicationTests  Time elapsed: 0.433 s  <<< ERROR!
java.lang.IllegalStateException: Unable to find a @SpringBootConfiguration, you need to use @ContextConfiguration or @SpringBootTest(classes=...) with your test

